<?xml version="1.0" encoding="UTF-8"?>
<!-- Generated by org.testng.reporters.JUnitReportReporter -->
<testsuite hostname="Shanker-PC" failures="0" tests="2" name="DemoA" time="0.032" errors="0" timestamp="2020-01-13T15:44:37 IST" skipped="0">
  <testcase classname="DemoA" name="createcust" time="0.016"/>
  <testcase classname="DemoA" name="deletecust" time="0.016"/>
</testsuite> <!-- DemoA -->
